#
# There is insufficient memory for the Java Runtime Environment to continue.
# Native memory allocation (malloc) failed to allocate 32744 bytes for ChunkPool::allocate
# Possible reasons:
#   The system is out of physical RAM or swap space
#   In 32 bit mode, the process size limit was hit
# Possible solutions:
#   Reduce memory load on the system
#   Increase physical memory or swap space
#   Check if swap backing store is full
#   Use 64 bit Java on a 64 bit OS
#   Decrease Java heap size (-Xmx/-Xms)
#   Decrease number of Java threads
#   Decrease Java thread stack sizes (-Xss)
#   Set larger code cache with -XX:ReservedCodeCacheSize=
# This output file may be truncated or incomplete.
#
#  Out of Memory Error (allocation.cpp:273), pid=10116, tid=0x00000000000027d4
#
# JRE version: Java(TM) SE Runtime Environment (8.0_131-b11) (build 1.8.0_131-b11)
# Java VM: Java HotSpot(TM) 64-Bit Server VM (25.131-b11 mixed mode windows-amd64 compressed oops)
# Failed to write core dump. Minidumps are not enabled by default on client versions of Windows
#

---------------  T H R E A D  ---------------

Current thread (0x00000000178a4000):  JavaThread "C2 CompilerThread1" daemon [_thread_in_native, id=10196, stack(0x0000000018fe0000,0x00000000190e0000)]

Stack: [0x0000000018fe0000,0x00000000190e0000]
[error occurred during error reporting (printing stack bounds), id 0xc0000005]

Native frames: (J=compiled Java code, j=interpreted, Vv=VM code, C=native code)


Current CompileTask:
C2:   1850 1736   !   4       sun.misc.URLClassPath$JarLoader::getResource (353 bytes)


---------------  P R O C E S S  ---------------

Java Threads: ( => current thread )
  0x00000000194f7000 JavaThread "pool-1-thread-1" [_thread_blocked, id=1536, stack(0x000000001c0f0000,0x000000001c1f0000)]
  0x00000000192b3800 JavaThread "mysql-cj-abandoned-connection-cleanup" daemon [_thread_blocked, id=10224, stack(0x000000001aa20000,0x000000001ab20000)]
  0x0000000019a38800 JavaThread "Keep-Alive-Timer" daemon [_thread_blocked, id=10220, stack(0x000000001a1e0000,0x000000001a2e0000)]
  0x0000000019200800 JavaThread "Service Thread" daemon [_thread_blocked, id=10204, stack(0x00000000195e0000,0x00000000196e0000)]
  0x00000000178b5000 JavaThread "C1 CompilerThread2" daemon [_thread_blocked, id=10200, stack(0x00000000190e0000,0x00000000191e0000)]
=>0x00000000178a4000 JavaThread "C2 CompilerThread1" daemon [_thread_in_native, id=10196, stack(0x0000000018fe0000,0x00000000190e0000)]
  0x00000000178a0000 JavaThread "C2 CompilerThread0" daemon [_thread_in_native, id=10192, stack(0x0000000018ee0000,0x0000000018fe0000)]
  0x000000001789e000 JavaThread "Attach Listener" daemon [_thread_blocked, id=10188, stack(0x0000000018de0000,0x0000000018ee0000)]
  0x000000001789d000 JavaThread "Signal Dispatcher" daemon [_thread_blocked, id=10184, stack(0x0000000018ce0000,0x0000000018de0000)]
  0x000000001788a000 JavaThread "Finalizer" daemon [_thread_blocked, id=10180, stack(0x0000000018af0000,0x0000000018bf0000)]
  0x0000000002ce1000 JavaThread "Reference Handler" daemon [_thread_blocked, id=10176, stack(0x00000000189f0000,0x0000000018af0000)]
  0x0000000002d3d800 JavaThread "main" [_thread_in_vm, id=10152, stack(0x0000000001360000,0x0000000001460000)]

Other Threads:
  0x0000000017867800 VMThread [stack: 0x00000000188f0000,0x00000000189f0000] [id=10172]
  0x0000000019223000 WatcherThread [stack: 0x00000000196e0000,0x00000000197e0000] [id=10212]

VM state:not at safepoint (normal execution)

VM Mutex/Monitor currently owned by a thread: None

Heap:
 PSYoungGen      total 38400K, used 12280K [0x00000000d5d00000, 0x00000000d8780000, 0x0000000100000000)
  eden space 33280K, 21% used [0x00000000d5d00000,0x00000000d6402ad0,0x00000000d7d80000)
  from space 5120K, 99% used [0x00000000d8280000,0x00000000d877b870,0x00000000d8780000)
  to   space 5120K, 0% used [0x00000000d7d80000,0x00000000d7d80000,0x00000000d8280000)
 ParOldGen       total 69120K, used 9737K [0x0000000081600000, 0x0000000085980000, 0x00000000d5d00000)
  object space 69120K, 14% used [0x0000000081600000,0x0000000081f82680,0x0000000085980000)
 Metaspace       used 27945K, capacity 28252K, committed 28672K, reserved 1075200K
  class space    used 3932K, capacity 4030K, committed 4096K, reserved 1048576K

Card table byte_map: [0x0000000012100000,0x0000000012500000] byte_map_base: 0x0000000011cf5000

Marking Bits: (ParMarkBitMap*) 0x0000000060a3c720
 Begin Bits: [0x0000000012bb0000, 0x0000000014b58000)
 End Bits:   [0x0000000014b58000, 0x0000000016b00000)

Polling page: 0x0000000000e80000

CodeCache: size=245760Kb used=5763Kb max_used=5763Kb free=239996Kb
 bounds [0x0000000002d40000, 0x00000000032f0000, 0x0000000011d40000]
 total_blobs=2257 nmethods=1785 adapters=384
 compilation: enabled

Compilation events (10 events):
Event: 1.791 Thread 0x00000000178b5000 nmethod 1779 0x00000000032ddc10 code [0x00000000032ddd60, 0x00000000032dde50]
Event: 1.791 Thread 0x00000000178b5000 1780       3       net.bytebuddy.jar.asm.Type::appendDescriptor (234 bytes)
Event: 1.793 Thread 0x00000000178b5000 nmethod 1780 0x00000000032dded0 code [0x00000000032de2e0, 0x00000000032e0a78]
Event: 1.793 Thread 0x00000000178b5000 1782       3       net.bytebuddy.implementation.bytecode.StackManipulation$Size::aggregate (13 bytes)
Event: 1.793 Thread 0x00000000178b5000 nmethod 1782 0x00000000032e2490 code [0x00000000032e2620, 0x00000000032e29b0]
Event: 1.793 Thread 0x00000000178b5000 1783       3       net.bytebuddy.implementation.bytecode.StackManipulation$Size::aggregate (27 bytes)
Event: 1.793 Thread 0x00000000178b5000 nmethod 1783 0x00000000032e2b90 code [0x00000000032e2d00, 0x00000000032e3010]
Event: 1.793 Thread 0x00000000178b5000 1781       3       net.bytebuddy.description.type.TypeDescription$Generic$LazyProjection$ForLoadedReturnType::asErasure (11 bytes)
Event: 1.794 Thread 0x00000000178b5000 nmethod 1781 0x00000000032e3150 code [0x00000000032e3320, 0x00000000032e3cb8]
Event: 1.798 Thread 0x00000000178a0000 1784       4       java.util.jar.JarFile::maybeInstantiateVerifier (96 bytes)

GC Heap History (10 events):
Event: 0.098 GC heap before
{Heap before GC invocations=1 (full 0):
 PSYoungGen      total 38400K, used 33278K [0x00000000d5d00000, 0x00000000d8780000, 0x0000000100000000)
  eden space 33280K, 99% used [0x00000000d5d00000,0x00000000d7d7f9b8,0x00000000d7d80000)
  from space 5120K, 0% used [0x00000000d8280000,0x00000000d8280000,0x00000000d8780000)
  to   space 5120K, 0% used [0x00000000d7d80000,0x00000000d7d80000,0x00000000d8280000)
 ParOldGen       total 87552K, used 0K [0x0000000081600000, 0x0000000086b80000, 0x00000000d5d00000)
  object space 87552K, 0% used [0x0000000081600000,0x0000000081600000,0x0000000086b80000)
 Metaspace       used 2734K, capacity 4490K, committed 4864K, reserved 1056768K
  class space    used 306K, capacity 386K, committed 512K, reserved 1048576K
Event: 0.099 GC heap after
Heap after GC invocations=1 (full 0):
 PSYoungGen      total 38400K, used 644K [0x00000000d5d00000, 0x00000000d8780000, 0x0000000100000000)
  eden space 33280K, 0% used [0x00000000d5d00000,0x00000000d5d00000,0x00000000d7d80000)
  from space 5120K, 12% used [0x00000000d7d80000,0x00000000d7e213e8,0x00000000d8280000)
  to   space 5120K, 0% used [0x00000000d8280000,0x00000000d8280000,0x00000000d8780000)
 ParOldGen       total 87552K, used 8K [0x0000000081600000, 0x0000000086b80000, 0x00000000d5d00000)
  object space 87552K, 0% used [0x0000000081600000,0x0000000081602000,0x0000000086b80000)
 Metaspace       used 2734K, capacity 4490K, committed 4864K, reserved 1056768K
  class space    used 306K, capacity 386K, committed 512K, reserved 1048576K
}
Event: 0.850 GC heap before
{Heap before GC invocations=2 (full 0):
 PSYoungGen      total 38400K, used 33924K [0x00000000d5d00000, 0x00000000d8780000, 0x0000000100000000)
  eden space 33280K, 100% used [0x00000000d5d00000,0x00000000d7d80000,0x00000000d7d80000)
  from space 5120K, 12% used [0x00000000d7d80000,0x00000000d7e213e8,0x00000000d8280000)
  to   space 5120K, 0% used [0x00000000d8280000,0x00000000d8280000,0x00000000d8780000)
 ParOldGen       total 87552K, used 8K [0x0000000081600000, 0x0000000086b80000, 0x00000000d5d00000)
  object space 87552K, 0% used [0x0000000081600000,0x0000000081602000,0x0000000086b80000)
 Metaspace       used 15619K, capacity 15870K, committed 16128K, reserved 1062912K
  class space    used 2230K, capacity 2299K, committed 2304K, reserved 1048576K
Event: 0.856 GC heap after
Heap after GC invocations=2 (full 0):
 PSYoungGen      total 38400K, used 5099K [0x00000000d5d00000, 0x00000000d8780000, 0x0000000100000000)
  eden space 33280K, 0% used [0x00000000d5d00000,0x00000000d5d00000,0x00000000d7d80000)
  from space 5120K, 99% used [0x00000000d8280000,0x00000000d877ad78,0x00000000d8780000)
  to   space 5120K, 0% used [0x00000000d7d80000,0x00000000d7d80000,0x00000000d8280000)
 ParOldGen       total 87552K, used 1889K [0x0000000081600000, 0x0000000086b80000, 0x00000000d5d00000)
  object space 87552K, 2% used [0x0000000081600000,0x00000000817d84b8,0x0000000086b80000)
 Metaspace       used 15619K, capacity 15870K, committed 16128K, reserved 1062912K
  class space    used 2230K, capacity 2299K, committed 2304K, reserved 1048576K
}
Event: 1.236 GC heap before
{Heap before GC invocations=3 (full 0):
 PSYoungGen      total 38400K, used 29716K [0x00000000d5d00000, 0x00000000d8780000, 0x0000000100000000)
  eden space 33280K, 73% used [0x00000000d5d00000,0x00000000d750a478,0x00000000d7d80000)
  from space 5120K, 99% used [0x00000000d8280000,0x00000000d877ad78,0x00000000d8780000)
  to   space 5120K, 0% used [0x00000000d7d80000,0x00000000d7d80000,0x00000000d8280000)
 ParOldGen       total 87552K, used 1889K [0x0000000081600000, 0x0000000086b80000, 0x00000000d5d00000)
  object space 87552K, 2% used [0x0000000081600000,0x00000000817d84b8,0x0000000086b80000)
 Metaspace       used 20826K, capacity 21164K, committed 21296K, reserved 1067008K
  class space    used 2815K, capacity 2920K, committed 2944K, reserved 1048576K
Event: 1.243 GC heap after
Heap after GC invocations=3 (full 0):
 PSYoungGen      total 38400K, used 5089K [0x00000000d5d00000, 0x00000000d8780000, 0x0000000100000000)
  eden space 33280K, 0% used [0x00000000d5d00000,0x00000000d5d00000,0x00000000d7d80000)
  from space 5120K, 99% used [0x00000000d7d80000,0x00000000d82787c8,0x00000000d8280000)
  to   space 5120K, 0% used [0x00000000d8280000,0x00000000d8280000,0x00000000d8780000)
 ParOldGen       total 87552K, used 5605K [0x0000000081600000, 0x0000000086b80000, 0x00000000d5d00000)
  object space 87552K, 6% used [0x0000000081600000,0x0000000081b79580,0x0000000086b80000)
 Metaspace       used 20826K, capacity 21164K, committed 21296K, reserved 1067008K
  class space    used 2815K, capacity 2920K, committed 2944K, reserved 1048576K
}
Event: 1.243 GC heap before
{Heap before GC invocations=4 (full 1):
 PSYoungGen      total 38400K, used 5089K [0x00000000d5d00000, 0x00000000d8780000, 0x0000000100000000)
  eden space 33280K, 0% used [0x00000000d5d00000,0x00000000d5d00000,0x00000000d7d80000)
  from space 5120K, 99% used [0x00000000d7d80000,0x00000000d82787c8,0x00000000d8280000)
  to   space 5120K, 0% used [0x00000000d8280000,0x00000000d8280000,0x00000000d8780000)
 ParOldGen       total 87552K, used 5605K [0x0000000081600000, 0x0000000086b80000, 0x00000000d5d00000)
  object space 87552K, 6% used [0x0000000081600000,0x0000000081b79580,0x0000000086b80000)
 Metaspace       used 20826K, capacity 21164K, committed 21296K, reserved 1067008K
  class space    used 2815K, capacity 2920K, committed 2944K, reserved 1048576K
Event: 1.270 GC heap after
Heap after GC invocations=4 (full 1):
 PSYoungGen      total 38400K, used 0K [0x00000000d5d00000, 0x00000000d8780000, 0x0000000100000000)
  eden space 33280K, 0% used [0x00000000d5d00000,0x00000000d5d00000,0x00000000d7d80000)
  from space 5120K, 0% used [0x00000000d7d80000,0x00000000d7d80000,0x00000000d8280000)
  to   space 5120K, 0% used [0x00000000d8280000,0x00000000d8280000,0x00000000d8780000)
 ParOldGen       total 69120K, used 8711K [0x0000000081600000, 0x0000000085980000, 0x00000000d5d00000)
  object space 69120K, 12% used [0x0000000081600000,0x0000000081e81cf8,0x0000000085980000)
 Metaspace       used 20826K, capacity 21164K, committed 21296K, reserved 1067008K
  class space    used 2815K, capacity 2920K, committed 2944K, reserved 1048576K
}
Event: 1.753 GC heap before
{Heap before GC invocations=5 (full 1):
 PSYoungGen      total 38400K, used 33280K [0x00000000d5d00000, 0x00000000d8780000, 0x0000000100000000)
  eden space 33280K, 100% used [0x00000000d5d00000,0x00000000d7d80000,0x00000000d7d80000)
  from space 5120K, 0% used [0x00000000d7d80000,0x00000000d7d80000,0x00000000d8280000)
  to   space 5120K, 0% used [0x00000000d8280000,0x00000000d8280000,0x00000000d8780000)
 ParOldGen       total 69120K, used 8711K [0x0000000081600000, 0x0000000085980000, 0x00000000d5d00000)
  object space 69120K, 12% used [0x0000000081600000,0x0000000081e81cf8,0x0000000085980000)
 Metaspace       used 26922K, capacity 27314K, committed 27776K, reserved 1073152K
  class space    used 3754K, capacity 3867K, committed 3968K, reserved 1048576K
Event: 1.757 GC heap after
Heap after GC invocations=5 (full 1):
 PSYoungGen      total 38400K, used 5102K [0x00000000d5d00000, 0x00000000d8780000, 0x0000000100000000)
  eden space 33280K, 0% used [0x00000000d5d00000,0x00000000d5d00000,0x00000000d7d80000)
  from space 5120K, 99% used [0x00000000d8280000,0x00000000d877b870,0x00000000d8780000)
  to   space 5120K, 0% used [0x00000000d7d80000,0x00000000d7d80000,0x00000000d8280000)
 ParOldGen       total 69120K, used 9737K [0x0000000081600000, 0x0000000085980000, 0x00000000d5d00000)
  object space 69120K, 14% used [0x0000000081600000,0x0000000081f82680,0x0000000085980000)
 Metaspace       used 26922K, capacity 27314K, committed 27776K, reserved 1073152K
  class space    used 3754K, capacity 3867K, committed 3968K, reserved 1048576K
}

Deoptimization events (10 events):
Event: 0.769 Thread 0x0000000002d3d800 Uncommon trap: reason=unstable_if action=reinterpret pc=0x0000000002f9c064 method=java.io.WinNTFileSystem.normalize(Ljava/lang/String;)Ljava/lang/String; @ 128
Event: 0.887 Thread 0x0000000002d3d800 Uncommon trap: reason=unstable_if action=reinterpret pc=0x0000000002f40c08 method=java.lang.AbstractStringBuilder.append(Ljava/lang/String;)Ljava/lang/AbstractStringBuilder; @ 1
Event: 1.018 Thread 0x0000000002d3d800 Uncommon trap: reason=unstable_if action=reinterpret pc=0x0000000003040ee0 method=java.util.HashMap.putVal(ILjava/lang/Object;Ljava/lang/Object;ZZ)Ljava/lang/Object; @ 236
Event: 1.026 Thread 0x0000000002d3d800 Uncommon trap: reason=unstable_if action=reinterpret pc=0x000000000301007c method=java.lang.CharacterDataLatin1.isWhitespace(I)Z @ 14
Event: 1.041 Thread 0x0000000002d3d800 Uncommon trap: reason=bimorphic action=maybe_recompile pc=0x00000000030590e0 method=java.util.HashMap.putVal(ILjava/lang/Object;Ljava/lang/Object;ZZ)Ljava/lang/Object; @ 203
Event: 1.042 Thread 0x0000000002d3d800 Uncommon trap: reason=bimorphic action=maybe_recompile pc=0x00000000030590e0 method=java.util.HashMap.putVal(ILjava/lang/Object;Ljava/lang/Object;ZZ)Ljava/lang/Object; @ 203
Event: 1.042 Thread 0x0000000002d3d800 Uncommon trap: reason=bimorphic action=maybe_recompile pc=0x00000000030590e0 method=java.util.HashMap.putVal(ILjava/lang/Object;Ljava/lang/Object;ZZ)Ljava/lang/Object; @ 203
Event: 1.043 Thread 0x0000000002d3d800 Uncommon trap: reason=bimorphic action=maybe_recompile pc=0x00000000030590e0 method=java.util.HashMap.putVal(ILjava/lang/Object;Ljava/lang/Object;ZZ)Ljava/lang/Object; @ 203
Event: 1.108 Thread 0x0000000002d3d800 Uncommon trap: reason=unstable_if action=reinterpret pc=0x0000000003131d50 method=java.io.ByteArrayInputStream.read()I @ 8
Event: 1.306 Thread 0x0000000002d3d800 Uncommon trap: reason=unstable_if action=reinterpret pc=0x00000000031ef320 method=java.util.Arrays.equals([B[B)Z @ 2

Internal exceptions (10 events):
Event: 0.140 Thread 0x0000000002d3d800 Exception <a 'java/security/PrivilegedActionException'> (0x00000000d5fa0d50) thrown at [C:\re\workspace\8-2-build-windows-amd64-cygwin\jdk8u131\8869\hotspot\src\share\vm\prims\jvm.cpp, line 1390]
Event: 0.195 Thread 0x0000000002d3d800 Exception <a 'java/lang/NoSuchFieldError': method resolution failed> (0x00000000d6211d60) thrown at [C:\re\workspace\8-2-build-windows-amd64-cygwin\jdk8u131\8869\hotspot\src\share\vm\prims\methodHandles.cpp, line 1146]
Event: 0.196 Thread 0x0000000002d3d800 Exception <a 'java/lang/NoSuchFieldError': method resolution failed> (0x00000000d621f0e0) thrown at [C:\re\workspace\8-2-build-windows-amd64-cygwin\jdk8u131\8869\hotspot\src\share\vm\prims\methodHandles.cpp, line 1146]
Event: 0.540 Thread 0x0000000002d3d800 Exception <a 'java/lang/ClassNotFoundException': com/sun/org/glassfish/hk2/osgiresourcelocator/ServiceLoader> (0x00000000d71732d8) thrown at [C:\re\workspace\8-2-build-windows-amd64-cygwin\jdk8u131\8869\hotspot\src\share\vm\classfile\systemDictionary.cpp,
Event: 0.545 Thread 0x0000000002d3d800 Exception <a 'java/lang/NullPointerException'> (0x00000000d717a898) thrown at [C:\re\workspace\8-2-build-windows-amd64-cygwin\jdk8u131\8869\hotspot\src\share\vm\interpreter\linkResolver.cpp, line 1299]
Event: 0.578 Thread 0x0000000002d3d800 Exception <a 'java/lang/ArrayIndexOutOfBoundsException': 18> (0x00000000d72162b0) thrown at [C:\re\workspace\8-2-build-windows-amd64-cygwin\jdk8u131\8869\hotspot\src\share\vm\interpreter\interpreterRuntime.cpp, line 366]
Event: 0.578 Thread 0x0000000002d3d800 Exception <a 'java/lang/ArrayIndexOutOfBoundsException': 67> (0x00000000d7217588) thrown at [C:\re\workspace\8-2-build-windows-amd64-cygwin\jdk8u131\8869\hotspot\src\share\vm\interpreter\interpreterRuntime.cpp, line 366]
Event: 0.579 Thread 0x0000000002d3d800 Exception <a 'java/lang/ArrayIndexOutOfBoundsException': 65> (0x00000000d7218bb8) thrown at [C:\re\workspace\8-2-build-windows-amd64-cygwin\jdk8u131\8869\hotspot\src\share\vm\interpreter\interpreterRuntime.cpp, line 366]
Event: 0.657 Thread 0x0000000002d3d800 Implicit null exception at 0x0000000002f5ab96 to 0x0000000002f5af29
Event: 0.887 Thread 0x0000000002d3d800 Implicit null exception at 0x0000000002f40856 to 0x0000000002f40bf1

Events (10 events):
Event: 1.806 loading class org/hibernate/persister/entity/BasicEntityPropertyMapping
Event: 1.806 loading class org/hibernate/persister/entity/BasicEntityPropertyMapping done
Event: 1.806 loading class org/hibernate/persister/entity/AbstractPropertyMapping
Event: 1.806 loading class org/hibernate/persister/entity/AbstractPropertyMapping done
Event: 1.807 loading class org/hibernate/internal/CoreMessageLogger_$logger_en_US
Event: 1.807 loading class org/hibernate/internal/CoreMessageLogger_$logger_en_US done
Event: 1.807 loading class org/hibernate/internal/CoreMessageLogger_$logger_en
Event: 1.807 loading class org/hibernate/internal/CoreMessageLogger_$logger_en done
Event: 1.808 loading class org/hibernate/internal/FilterHelper
Event: 1.808 loading class org/hibernate/internal/FilterHelper done


Dynamic libraries:
0x00007ff6a1e00000 - 0x00007ff6a1e37000 	C:\Program Files\Java\jre1.8.0_131\bin\javaw.exe
0x00007ffc57930000 - 0x00007ffc57b01000 	C:\Windows\SYSTEM32\ntdll.dll
0x00007ffc55450000 - 0x00007ffc554fb000 	C:\Windows\System32\KERNEL32.DLL
0x00007ffc53fd0000 - 0x00007ffc541ed000 	C:\Windows\System32\KERNELBASE.dll
0x00007ffc55500000 - 0x00007ffc555a2000 	C:\Windows\System32\ADVAPI32.dll
0x00007ffc57570000 - 0x00007ffc5760e000 	C:\Windows\System32\msvcrt.dll
0x00007ffc56000000 - 0x00007ffc56059000 	C:\Windows\System32\sechost.dll
0x00007ffc558e0000 - 0x00007ffc55a01000 	C:\Windows\System32\RPCRT4.dll
0x00007ffc555e0000 - 0x00007ffc55745000 	C:\Windows\System32\USER32.dll
0x00007ffc53e20000 - 0x00007ffc53e3e000 	C:\Windows\System32\win32u.dll
0x00007ffc57610000 - 0x00007ffc57644000 	C:\Windows\System32\GDI32.dll
0x00007ffc53e40000 - 0x00007ffc53fc2000 	C:\Windows\System32\gdi32full.dll
0x00007ffc4c270000 - 0x00007ffc4c4e9000 	C:\Windows\WinSxS\amd64_microsoft.windows.common-controls_6595b64144ccf1df_6.0.14393.447_none_42191651c6827bb3\COMCTL32.dll
0x00007ffc55d20000 - 0x00007ffc55fe8000 	C:\Windows\System32\combase.dll
0x00007ffc54dc0000 - 0x00007ffc54eb5000 	C:\Windows\System32\ucrtbase.dll
0x00007ffc54ca0000 - 0x00007ffc54d0a000 	C:\Windows\System32\bcryptPrimitives.dll
0x00007ffc55850000 - 0x00007ffc5587e000 	C:\Windows\System32\IMM32.DLL
0x000000005ff80000 - 0x0000000060052000 	C:\Program Files\Java\jre1.8.0_131\bin\msvcr100.dll
0x0000000060220000 - 0x0000000060abc000 	C:\Program Files\Java\jre1.8.0_131\bin\server\jvm.dll
0x00007ffc55a10000 - 0x00007ffc55a18000 	C:\Windows\System32\PSAPI.DLL
0x00007ffc498a0000 - 0x00007ffc498a9000 	C:\Windows\SYSTEM32\WSOCK32.dll
0x00007ffc511b0000 - 0x00007ffc511d3000 	C:\Windows\SYSTEM32\WINMM.dll
0x00007ffc57850000 - 0x00007ffc578ba000 	C:\Windows\System32\WS2_32.dll
0x00007ffc49890000 - 0x00007ffc4989a000 	C:\Windows\SYSTEM32\VERSION.dll
0x00007ffc51150000 - 0x00007ffc5117b000 	C:\Windows\SYSTEM32\WINMMBASE.dll
0x00007ffc541f0000 - 0x00007ffc54232000 	C:\Windows\System32\cfgmgr32.dll
0x0000000060130000 - 0x000000006013f000 	C:\Program Files\Java\jre1.8.0_131\bin\verify.dll
0x0000000060100000 - 0x0000000060129000 	C:\Program Files\Java\jre1.8.0_131\bin\java.dll
0x00000000600e0000 - 0x00000000600f6000 	C:\Program Files\Java\jre1.8.0_131\bin\zip.dll
0x00007ffc56060000 - 0x00007ffc57569000 	C:\Windows\System32\SHELL32.dll
0x00007ffc542f0000 - 0x00007ffc549ca000 	C:\Windows\System32\windows.storage.dll
0x00007ffc53da0000 - 0x00007ffc53dec000 	C:\Windows\System32\powrprof.dll
0x00007ffc55880000 - 0x00007ffc558d2000 	C:\Windows\System32\shlwapi.dll
0x00007ffc53d90000 - 0x00007ffc53d9f000 	C:\Windows\System32\kernel.appcore.dll
0x00007ffc54240000 - 0x00007ffc542e9000 	C:\Windows\System32\shcore.dll
0x00007ffc53df0000 - 0x00007ffc53e04000 	C:\Windows\System32\profapi.dll
0x00000000600c0000 - 0x00000000600da000 	C:\Program Files\Java\jre1.8.0_131\bin\net.dll
0x00007ffc536c0000 - 0x00007ffc5371c000 	C:\Windows\system32\mswsock.dll
0x00007ffc53490000 - 0x00007ffc53530000 	C:\Windows\SYSTEM32\DNSAPI.dll
0x00007ffc55ff0000 - 0x00007ffc55ff8000 	C:\Windows\System32\NSI.dll
0x00007ffc53450000 - 0x00007ffc53488000 	C:\Windows\SYSTEM32\IPHLPAPI.DLL
0x00007ffc499c0000 - 0x00007ffc499ca000 	C:\Windows\System32\rasadhlp.dll
0x00007ffc4b520000 - 0x00007ffc4b58a000 	C:\Windows\System32\fwpuclnt.dll
0x00007ffc53970000 - 0x00007ffc5399b000 	C:\Windows\SYSTEM32\bcrypt.dll
0x00007ffc53860000 - 0x00007ffc53877000 	C:\Windows\SYSTEM32\CRYPTSP.dll
0x00007ffc532d0000 - 0x00007ffc53303000 	C:\Windows\system32\rsaenh.dll
0x00007ffc53540000 - 0x00007ffc5355f000 	C:\Windows\SYSTEM32\USERENV.dll
0x00007ffc53880000 - 0x00007ffc5388b000 	C:\Windows\SYSTEM32\CRYPTBASE.dll
0x00007ffc4b320000 - 0x00007ffc4b336000 	C:\Windows\SYSTEM32\dhcpcsvc6.DLL
0x00007ffc4b300000 - 0x00007ffc4b31a000 	C:\Windows\SYSTEM32\dhcpcsvc.DLL
0x00000000600a0000 - 0x00000000600b1000 	C:\Program Files\Java\jre1.8.0_131\bin\nio.dll
0x0000000060070000 - 0x0000000060094000 	C:\Program Files\Java\jre1.8.0_131\bin\sunec.dll
0x0000000060060000 - 0x000000006006b000 	C:\Program Files\Java\jre1.8.0_131\bin\sunmscapi.dll
0x00007ffc54ad0000 - 0x00007ffc54c99000 	C:\Windows\System32\CRYPT32.dll
0x00007ffc53e10000 - 0x00007ffc53e20000 	C:\Windows\System32\MSASN1.dll

VM Arguments:
jvm_args: -Dfile.encoding=Cp1252 
java_command: com.virtusa.model.PersistanceMain
java_class_path (initial): D:\Rams Workspace\HibernateExamples\HibernateSample\target\classes;D:\Rams Workspace\jars\mysql-connector-java-8.0.15.jar;C:\Users\admin\.m2\repository\org\hibernate\hibernate-entitymanager\5.3.9.Final\hibernate-entitymanager-5.3.9.Final.jar;C:\Users\admin\.m2\repository\org\jboss\logging\jboss-logging\3.3.2.Final\jboss-logging-3.3.2.Final.jar;C:\Users\admin\.m2\repository\org\hibernate\hibernate-core\5.3.9.Final\hibernate-core-5.3.9.Final.jar;C:\Users\admin\.m2\repository\org\javassist\javassist\3.23.1-GA\javassist-3.23.1-GA.jar;C:\Users\admin\.m2\repository\antlr\antlr\2.7.7\antlr-2.7.7.jar;C:\Users\admin\.m2\repository\org\jboss\jandex\2.0.5.Final\jandex-2.0.5.Final.jar;C:\Users\admin\.m2\repository\com\fasterxml\classmate\1.3.4\classmate-1.3.4.jar;C:\Users\admin\.m2\repository\javax\activation\javax.activation-api\1.2.0\javax.activation-api-1.2.0.jar;C:\Users\admin\.m2\repository\org\dom4j\dom4j\2.1.1\dom4j-2.1.1.jar;C:\Users\admin\.m2\repository\org\hibernate\common\hibernate-commons-annotations\5.0.4.Final\hibernate-commons-annotations-5.0.4.Final.jar;C:\Users\admin\.m2\repository\javax\persistence\javax.persistence-api\2.2\javax.persistence-api-2.2.jar;C:\Users\admin\.m2\repository\net\bytebuddy\byte-buddy\1.9.5\byte-buddy-1.9.5.jar;C:\Users\admin\.m2\repository\org\jboss\spec\javax\transaction\jboss-transaction-api_1.2_spec\1.1.1.Final\jboss-transaction-api_1.2_spec-1.1.1.Final.jar;C:\Users\admin\.m2\repository\mysql\mysql-connector-java\5.1.24\mysql-connector-java-5.1.24.jar
Launcher Type: SUN_STANDARD

Environment Variables:
PATH=C:/Program Files/Java/jre1.8.0_131/bin/server;C:/Program Files/Java/jre1.8.0_131/bin;C:/Program Files/Java/jre1.8.0_131/lib/amd64;D:\app\admin\product\11.2.0\dbhome_1\bin;C:\ProgramData\Oracle\Java\javapath;C:\Windows\system32;C:\Windows;C:\Windows\System32\Wbem;C:\Windows\System32\WindowsPowerShell\v1.0\;C:\Program Files (x86)\MySQL\MySQL Server 5.1\bin;C:\Program Files\Java\jdk1.8.0_131\bin;C:\Program Files\Java\jre1.8.0_131\bin;C:\nexwave\eclipse-jee-neon-3-win32-x86_64\eclipse;
USERNAME=admin
OS=Windows_NT
PROCESSOR_IDENTIFIER=Intel64 Family 6 Model 42 Stepping 7, GenuineIntel



---------------  S Y S T E M  ---------------

OS: Windows 10.0 , 64 bit Build 14393 (10.0.14393.0)

CPU:total 4 (initial active 4) (4 cores per cpu, 1 threads per core) family 6 model 42 stepping 7, cmov, cx8, fxsr, mmx, sse, sse2, sse3, ssse3, sse4.1, sse4.2, popcnt, avx, aes, clmul, tsc, tscinvbit

Memory: 4k page, physical 8294852k(2552640k free), swap 15112640k(2284k free)

vm_info: Java HotSpot(TM) 64-Bit Server VM (25.131-b11) for windows-amd64 JRE (1.8.0_131-b11), built on Mar 15 2017 01:23:53 by "java_re" with MS VC++ 10.0 (VS2010)

time: Tue Jul 30 13:05:42 2019
elapsed time: 1 seconds (0d 0h 0m 1s)

